<?xml version="1.0" encoding="UTF-8" ?>
<testsuite errors="0" failures="0" hostname="Cross-Surface" name="org.gjt.sp.jedit.textarea.RangeMapTest" skipped="0" tests="8" time="0.021" timestamp="2021-12-15T19:06:06">
  <properties>
[...]
</properties>
  <testcase classname="org.gjt.sp.jedit.textarea.RangeMapTest" name="search" time="0.009" />
  <testcase classname="org.gjt.sp.jedit.textarea.RangeMapTest" name="copy" time="0.002" />
  <testcase classname="org.gjt.sp.jedit.textarea.RangeMapTest" name="hide" time="0.0" />
  <testcase classname="org.gjt.sp.jedit.textarea.RangeMapTest" name="last" time="0.0" />
  <testcase classname="org.gjt.sp.jedit.textarea.RangeMapTest" name="show" time="0.001" />
  <testcase classname="org.gjt.sp.jedit.textarea.RangeMapTest" name="first" time="0.001" />
  <testcase classname="org.gjt.sp.jedit.textarea.RangeMapTest" name="last2" time="0.0" />
  <testcase classname="org.gjt.sp.jedit.textarea.RangeMapTest" name="preContentRemoved" time="0.0" />
  <system-out><![CDATA[]]></system-out>
  <system-err><![CDATA[]]></system-err>
</testsuite>
